#
# A fatal error has been detected by the Java Runtime Environment:
#
#  EXCEPTION_ACCESS_VIOLATION (0xc0000005) at pc=0x26572123, pid=2276, tid=3424
#
# JRE version: 6.0_17-b04
# Java VM: Java HotSpot(TM) Client VM (14.3-b01 mixed mode windows-x86 )
# Problematic frame:
# C  0x26572123
#
# If you would like to submit a bug report, please visit:
#   http://java.sun.com/webapps/bugreport/crash.jsp
# The crash happened outside the Java Virtual Machine in native code.
# See problematic frame for where to report the bug.
#

---------------  T H R E A D  ---------------

Current thread (0x0c747400):  JavaThread "XpcMessageLoop" daemon [_thread_in_native, id=3424, stack(0x07b40000,0x07bc0000)]

siginfo: ExceptionCode=0xc0000005, reading address 0x26572123

Registers:
EAX=0x07bbf580, EBX=0x00000000, ECX=0x26572123, EDX=0x07bbf570
ESP=0x07bbf558, EBP=0x07bbf578, ESI=0x2b1622c8, EDI=0x00000000
EIP=0x26572123, EFLAGS=0x00010216

Top of Stack: (sp=0x07bbf558)
0x07bbf558:   2b1622ec 07bbf580 0d655a4c 07bbf570
0x07bbf568:   07bbf574 07bbf580 07bbf58c 7e428dd9
0x07bbf578:   07bbf5a4 7e418734 0012032a 00000082
0x07bbf588:   00000000 00000000 2b1622c8 dcbaabcd
0x07bbf598:   00000000 00000000 2b1622c8 07bbf60c
0x07bbf5a8:   7e42bdf1 2b1622c8 0012032a 00000082
0x07bbf5b8:   00000000 00000000 00000000 0012032a
0x07bbf5c8:   00000102 00000014 00000001 00000000 

Instructions: (pc=0x26572123)
0x26572113:   
[error occurred during error reporting (printing registers, top of stack, instructions near pc), id 0xc0000005]

Stack: [0x07b40000,0x07bc0000],  sp=0x07bbf558,  free space=509k
Native frames: (J=compiled Java code, j=interpreted, Vv=VM code, C=native code)
C  0x26572123
C  [USER32.dll+0x8734]
C  [USER32.dll+0x1bdf1]
C  [USER32.dll+0x18ea0]
C  [USER32.dll+0x1b16f]
C  [ntdll.dll+0xe473]
C  [USER32.dll+0x9402]
C  0x243dff5d
C  0x243dfb3d
C  0x2446e516
C  0x244546f9
C  0x243dfb70
C  0x244a4b26

Java frames: (J=compiled Java code, j=interpreted, Vv=VM code)
j  org.mozilla.xpcom.internal.XPCOMJavaProxy.callXPCOMMethod(Ljava/lang/Object;Ljava/lang/String;[Ljava/lang/Object;)Ljava/lang/Object;+0
j  org.mozilla.xpcom.internal.XPCOMJavaProxy.invoke(Ljava/lang/Object;Ljava/lang/reflect/Method;[Ljava/lang/Object;)Ljava/lang/Object;+161
j  $Proxy23.run()V+9
j  com.teamdev.xpcom.b$a.run()V+71
v  ~StubRoutines::call_stub

---------------  P R O C E S S  ---------------

Java Threads: ( => current thread )
  0x0d8e0400 JavaThread "Thread-1" daemon [_thread_in_native, id=3412, stack(0x2e530000,0x2e5b0000)]
  0x212ac400 JavaThread "Beanshell interpreter" [_thread_blocked, id=3852, stack(0x34cc0000,0x34d40000)]
  0x0dbaec00 JavaThread "Thread-337" [_thread_blocked, id=4080, stack(0x34c40000,0x34cc0000)]
  0x2135a800 JavaThread "Code Analyzer updating thread" [_thread_blocked, id=1408, stack(0x2e4b0000,0x2e530000)]
  0x20fe6400 JavaThread "Code Analyzer updating thread" [_thread_blocked, id=2648, stack(0x29f20000,0x29fa0000)]
  0x210df400 JavaThread "Code Analyzer updating thread" [_thread_blocked, id=308, stack(0x2ab50000,0x2abd0000)]
  0x0c8d0c00 JavaThread "Code Analyzer updating thread" [_thread_blocked, id=3228, stack(0x2aa80000,0x2ab00000)]
  0x0d5ed400 JavaThread "Code Analyzer updating thread" [_thread_blocked, id=3068, stack(0x2a0a0000,0x2a120000)]
  0x21002800 JavaThread "Foxtrot Multi Worker Thread Runner #2" daemon [_thread_blocked, id=3712, stack(0x29e20000,0x29ea0000)]
  0x0d743400 JavaThread "Timer-19" [_thread_blocked, id=3152, stack(0x27830000,0x278b0000)]
  0x0d5f9400 JavaThread "pool-1-thread-1" [_thread_blocked, id=1832, stack(0x27050000,0x270d0000)]
  0x0dcb1800 JavaThread "Thread-73" daemon [_thread_in_native, id=3876, stack(0x269f0000,0x26a70000)]
  0x0d963000 JavaThread "pool-3-thread-1" [_thread_blocked, id=1512, stack(0x26970000,0x269f0000)]
  0x0c824800 JavaThread "com.jniwrapper.NativeResourceCollector" daemon [_thread_blocked, id=3496, stack(0x26590000,0x26610000)]
=>0x0c747400 JavaThread "XpcMessageLoop" daemon [_thread_in_native, id=3424, stack(0x07b40000,0x07bc0000)]
  0x0d507000 JavaThread "Code Analyzer updating thread" [_thread_blocked, id=1428, stack(0x07ac0000,0x07b40000)]
  0x0c96f800 JavaThread "Code Analyzer updating thread" [_thread_blocked, id=1272, stack(0x07a40000,0x07ac0000)]
  0x0d519c00 JavaThread "Code Analyzer updating thread" [_thread_blocked, id=2540, stack(0x079b0000,0x07a30000)]
  0x20ebb400 JavaThread "Code Analyzer updating thread" [_thread_blocked, id=2360, stack(0x07930000,0x079b0000)]
  0x0d36d800 JavaThread "Code Analyzer updating thread" [_thread_blocked, id=2192, stack(0x078b0000,0x07930000)]
  0x20f86400 JavaThread "Code Analyzer updating thread" [_thread_blocked, id=4020, stack(0x07830000,0x078b0000)]
  0x0dbab800 JavaThread "Code Analyzer updating thread" [_thread_blocked, id=2900, stack(0x077b0000,0x07830000)]
  0x0d325800 JavaThread "Active Reference Queue Daemon" daemon [_thread_blocked, id=1704, stack(0x254c0000,0x25540000)]
  0x0d3c8800 JavaThread "Timer-18" daemon [_thread_blocked, id=1776, stack(0x25440000,0x254c0000)]
  0x0dd15400 JavaThread "Foxtrot Single Worker Thread #1" daemon [_thread_blocked, id=2220, stack(0x206d0000,0x20750000)]
  0x0d8bf400 JavaThread "Prefs Updater" daemon [_thread_blocked, id=3048, stack(0x200c0000,0x20140000)]
  0x0d1bbc00 JavaThread "MultiThreadedHttpConnectionManager cleanup" daemon [_thread_blocked, id=3320, stack(0x0fe00000,0x0fe80000)]
  0x0da36c00 JavaThread "Timer-7" daemon [_thread_blocked, id=1116, stack(0x20750000,0x207d0000)]
  0x0d801c00 JavaThread "Explorer NavigationContext request queue" [_thread_blocked, id=2676, stack(0x20650000,0x206d0000)]
  0x0dad3800 JavaThread "AddressBar directory emptiness poller" [_thread_blocked, id=3624, stack(0x20550000,0x205d0000)]
  0x0d386000 JavaThread "Explorer Refresh Service 20547068" [_thread_blocked, id=4052, stack(0x204d0000,0x20550000)]
  0x0d4e3400 JavaThread "Timer-1" daemon [_thread_blocked, id=3392, stack(0x20340000,0x203c0000)]
  0x0d2ab400 JavaThread "TimerQueue" daemon [_thread_blocked, id=748, stack(0x0fb00000,0x0fb80000)]
  0x0d278400 JavaThread "AWT-EventQueue-0" [_thread_blocked, id=1240, stack(0x0e080000,0x0e100000)]
  0x0d343800 JavaThread "AWT-Shutdown" [_thread_blocked, id=3648, stack(0x0df80000,0x0e000000)]
  0x0d478c00 JavaThread "Thread-5" daemon [_thread_blocked, id=3100, stack(0x0e280000,0x0e300000)]
  0x0d23e800 JavaThread "com.google.common.base.internal.Finalizer" daemon [_thread_blocked, id=2784, stack(0x0e000000,0x0e080000)]
  0x0c8bd400 JavaThread "Timer-0" [_thread_blocked, id=2132, stack(0x0ce80000,0x0cf00000)]
  0x0c832800 JavaThread "AWT-Windows" daemon [_thread_in_native, id=3924, stack(0x0cd30000,0x0cdb0000)]
  0x0c921400 JavaThread "Java2D Disposer" daemon [_thread_blocked, id=3592, stack(0x0cc30000,0x0ccb0000)]
  0x0c83b800 JavaThread "EventMgr Dispatcher" daemon [_thread_in_native, id=3224, stack(0x04f50000,0x05750000)]
  0x080bb000 JavaThread "Low Memory Detector" daemon [_thread_blocked, id=2608, stack(0x0b450000,0x0b4d0000)]
  0x080b5400 JavaThread "CompilerThread0" daemon [_thread_blocked, id=3512, stack(0x0ac50000,0x0b450000)]
  0x080b4000 JavaThread "Attach Listener" daemon [_thread_blocked, id=696, stack(0x0abd0000,0x0ac50000)]
  0x080a0400 JavaThread "Finalizer" daemon [_thread_blocked, id=3460, stack(0x0ab50000,0x0abd0000)]
  0x0809ec00 JavaThread "Reference Handler" daemon [_thread_blocked, id=2248, stack(0x0aad0000,0x0ab50000)]
  0x04f2bc00 JavaThread "main" [_thread_in_native, id=2624, stack(0x00430000,0x00c30000)]

Other Threads:
  0x0809bc00 VMThread [stack: 0x0a2d0000,0x0aad0000] [id=2280]
  0x080c5800 WatcherThread [stack: 0x0b4d0000,0x0bcd0000] [id=2936]

VM state:not at safepoint (normal execution)

VM Mutex/Monitor currently owned by a thread: None

Heap
 def new generation   total 29504K, used 1750K [0x10010000, 0x12010000, 0x12010000)
  eden space 26240K,   6% used [0x10010000, 0x101c5838, 0x119b0000)
  from space 3264K,   0% used [0x11ce0000, 0x11ce0000, 0x12010000)
  to   space 3264K,   0% used [0x119b0000, 0x119b0000, 0x11ce0000)
 tenured generation   total 98304K, used 89624K [0x12010000, 0x18010000, 0x18010000)
   the space 98304K,  91% used [0x12010000, 0x17796198, 0x17796200, 0x18010000)
 compacting perm gen  total 71424K, used 71279K [0x18010000, 0x1c5d0000, 0x1e010000)
   the space 71424K,  99% used [0x18010000, 0x1c5abf00, 0x1c5ac000, 0x1c5d0000)
No shared spaces configured.

Dynamic libraries:
0x00400000 - 0x00427000 	C:\Program Files\MATLAB\R2012b\bin\win32\MATLAB.exe
0x7c900000 - 0x7c9b2000 	C:\WINDOWS\system32\ntdll.dll
0x7c800000 - 0x7c8f6000 	C:\WINDOWS\system32\kernel32.dll
0x7ef10000 - 0x7ef9c000 	C:\Program Files\MATLAB\R2012b\bin\win32\libut.dll
0x7dce0000 - 0x7dd5a000 	C:\Program Files\MATLAB\R2012b\bin\win32\libmwi18n.dll
0x10000000 - 0x10009000 	C:\Program Files\MATLAB\R2012b\bin\win32\libmwresource_core.dll
0x78480000 - 0x7850e000 	C:\WINDOWS\WinSxS\x86_Microsoft.VC90.CRT_1fc8b3b9a1e18e3b_9.0.30729.6161_x-ww_31a54e43\MSVCP90.dll
0x78520000 - 0x785c3000 	C:\WINDOWS\WinSxS\x86_Microsoft.VC90.CRT_1fc8b3b9a1e18e3b_9.0.30729.6161_x-ww_31a54e43\MSVCR90.dll
0x736b0000 - 0x736d3000 	C:\Program Files\MATLAB\R2012b\bin\win32\boost_filesystem-vc90-mt-1_44.dll
0x73f70000 - 0x73f77000 	C:\Program Files\MATLAB\R2012b\bin\win32\boost_system-vc90-mt-1_44.dll
0x77dd0000 - 0x77e6b000 	C:\WINDOWS\system32\ADVAPI32.dll
0x77e70000 - 0x77f03000 	C:\WINDOWS\system32\RPCRT4.dll
0x77fe0000 - 0x77ff1000 	C:\WINDOWS\system32\Secur32.dll
0x73550000 - 0x7356f000 	C:\Program Files\MATLAB\R2012b\bin\win32\LIBEXPAT.dll
0x72eb0000 - 0x73035000 	C:\Program Files\MATLAB\R2012b\bin\win32\icuin44.dll
0x7ea10000 - 0x7eb2f000 	C:\Program Files\MATLAB\R2012b\bin\win32\icuuc44.dll
0x00c30000 - 0x01a71000 	C:\Program Files\MATLAB\R2012b\bin\win32\icudt44.dll
0x002d0000 - 0x003f0000 	C:\Program Files\MATLAB\R2012b\bin\win32\libmwfl.dll
0x01a80000 - 0x01d88000 	C:\Program Files\MATLAB\R2012b\bin\win32\libmwMATLAB_res.dll
0x73d00000 - 0x73d0e000 	C:\Program Files\MATLAB\R2012b\bin\win32\boost_date_time-vc90-mt-1_44.dll
0x73c80000 - 0x73c8f000 	C:\Program Files\MATLAB\R2012b\bin\win32\boost_signals-vc90-mt-1_44.dll
0x73d10000 - 0x73d1e000 	C:\Program Files\MATLAB\R2012b\bin\win32\boost_thread-vc90-mt-1_44.dll
0x01dd0000 - 0x01e5c000 	C:\Program Files\MATLAB\R2012b\bin\win32\boost_log-vc90-mt-1_44.dll
0x76bf0000 - 0x76bfb000 	C:\WINDOWS\system32\PSAPI.DLL
0x71ab0000 - 0x71ac7000 	C:\WINDOWS\system32\WS2_32.dll
0x77c10000 - 0x77c68000 	C:\WINDOWS\system32\msvcrt.dll
0x71aa0000 - 0x71aa8000 	C:\WINDOWS\system32\WS2HELP.dll
0x01e70000 - 0x01ea3000 	C:\Program Files\MATLAB\R2012b\bin\win32\tbb.dll
0x76c90000 - 0x76cb8000 	C:\WINDOWS\system32\imagehlp.dll
0x73db0000 - 0x73dbf000 	C:\Program Files\MATLAB\R2012b\bin\win32\icuio44.dll
0x01ed0000 - 0x01f71000 	C:\WINDOWS\system32\dbghelp.dll
0x77c00000 - 0x77c08000 	C:\WINDOWS\system32\VERSION.dll
0x7e410000 - 0x7e4a1000 	C:\WINDOWS\system32\USER32.dll
0x77f10000 - 0x77f59000 	C:\WINDOWS\system32\GDI32.dll
0x01f80000 - 0x021a0000 	C:\Program Files\MATLAB\R2012b\bin\win32\libmwservices.dll
0x7db50000 - 0x7dbe7000 	C:\Program Files\MATLAB\R2012b\bin\win32\libmx.dll
0x021c0000 - 0x021dd000 	C:\Program Files\MATLAB\R2012b\bin\win32\tbbmalloc.dll
0x73730000 - 0x73744000 	C:\Program Files\MATLAB\R2012b\bin\win32\zlib1.dll
0x02200000 - 0x02235000 	C:\Program Files\MATLAB\R2012b\bin\win32\libmwregexp.dll
0x02250000 - 0x0226a000 	C:\Program Files\MATLAB\R2012b\bin\win32\libmwmfl_scalar.dll
0x7df40000 - 0x7df79000 	C:\Program Files\MATLAB\R2012b\bin\win32\mpath.dll
0x72990000 - 0x72da0000 	C:\Program Files\MATLAB\R2012b\bin\win32\mlutil.dll
0x7d670000 - 0x7d6ce000 	C:\Program Files\MATLAB\R2012b\bin\win32\xmlcore.dll
0x71cf0000 - 0x71ea2000 	C:\Program Files\MATLAB\R2012b\bin\win32\xerces-c_2_7.dll
0x022c0000 - 0x022db000 	C:\Program Files\MATLAB\R2012b\bin\win32\libmwMATLAB_settings_res.dll
0x022f0000 - 0x022fd000 	C:\Program Files\MATLAB\R2012b\bin\win32\boost_iostreams-vc90-mt-1_44.dll
0x02310000 - 0x02349000 	C:\Program Files\MATLAB\R2012b\bin\win32\boost_serialization-vc90-mt-1_44.dll
0x7c9c0000 - 0x7d1d7000 	C:\WINDOWS\system32\SHELL32.dll
0x77f60000 - 0x77fd6000 	C:\WINDOWS\system32\SHLWAPI.dll
0x02360000 - 0x023fa000 	C:\WINDOWS\system32\COMCTL32.dll
0x763b0000 - 0x763f9000 	C:\WINDOWS\system32\COMDLG32.dll
0x02400000 - 0x02455000 	C:\WINDOWS\system32\NETAPI32.dll
0x774e0000 - 0x7761e000 	C:\WINDOWS\system32\ole32.dll
0x77120000 - 0x771ab000 	C:\WINDOWS\system32\OLEAUT32.dll
0x7f270000 - 0x7f2f7000 	C:\Program Files\MATLAB\R2012b\bin\win32\mcr.dll
0x02470000 - 0x02770000 	C:\Program Files\MATLAB\R2012b\bin\win32\iqm.dll
0x7f630000 - 0x7f6af000 	C:\Program Files\MATLAB\R2012b\bin\win32\m_dispatcher.dll
0x7f130000 - 0x7f1ec000 	C:\Program Files\MATLAB\R2012b\bin\win32\boost_regex-vc90-mt-1_44.dll
0x027a0000 - 0x02ce1000 	C:\Program Files\MATLAB\R2012b\bin\win32\m_interpreter.dll
0x73dc0000 - 0x73ddc000 	C:\Program Files\MATLAB\R2012b\bin\win32\libmex.dll
0x7d8b0000 - 0x7d90c000 	C:\Program Files\MATLAB\R2012b\bin\win32\profiler.dll
0x02d20000 - 0x02f4c000 	C:\Program Files\MATLAB\R2012b\bin\win32\libmwmathutil.dll
0x734f0000 - 0x73513000 	C:\Program Files\MATLAB\R2012b\bin\win32\libmwmathrng.dll
0x02f70000 - 0x02f7f000 	C:\Program Files\MATLAB\R2012b\bin\win32\libmwmfl_rng.dll
0x7c390000 - 0x7c428000 	C:\Program Files\MATLAB\R2012b\bin\win32\libmwmathcore.dll
0x7e000000 - 0x7e04b000 	C:\Program Files\MATLAB\R2012b\bin\win32\libmwspmatrix.dll
0x7dbf0000 - 0x7dc3b000 	C:\Program Files\MATLAB\R2012b\bin\win32\libmwcholmod.dll
0x73e70000 - 0x73e7a000 	C:\Program Files\MATLAB\R2012b\bin\win32\libmwamd.dll
0x73e80000 - 0x73e8a000 	C:\Program Files\MATLAB\R2012b\bin\win32\libmwcolamd.dll
0x02fe0000 - 0x02ff1000 	C:\Program Files\MATLAB\R2012b\bin\win32\libmwblas.dll
0x73d30000 - 0x73d3d000 	C:\Program Files\MATLAB\R2012b\bin\win32\libmwbinder.dll
0x73ea0000 - 0x73eaa000 	C:\Program Files\MATLAB\R2012b\bin\win32\libmwompwrapper.dll
0x03030000 - 0x03069000 	C:\Program Files\MATLAB\R2012b\bin\win32\libmwlapack.dll
0x73bf0000 - 0x73c05000 	C:\Program Files\MATLAB\R2012b\bin\win32\m_pcodeio.dll
0x7e080000 - 0x7e0ca000 	C:\Program Files\MATLAB\R2012b\bin\win32\m_ir.dll
0x70000000 - 0x70550000 	C:\Program Files\MATLAB\R2012b\bin\win32\m_parser.dll
0x030b0000 - 0x030c2000 	C:\Program Files\MATLAB\R2012b\bin\win32\ir_xfmr.dll
0x030e0000 - 0x0328a000 	C:\Program Files\MATLAB\R2012b\bin\win32\mcos.dll
0x73e90000 - 0x73e9e000 	C:\Program Files\MATLAB\R2012b\bin\win32\mtok.dll
0x032b0000 - 0x032d4000 	C:\Program Files\MATLAB\R2012b\bin\win32\m_pcodegen.dll
0x7e1c0000 - 0x7e1e9000 	C:\Program Files\MATLAB\R2012b\bin\win32\libmwbridge.dll
0x7f390000 - 0x7f423000 	C:\Program Files\MATLAB\R2012b\bin\win32\udd.dll
0x7e6f0000 - 0x7e7fe000 	C:\Program Files\MATLAB\R2012b\bin\win32\libmwgui.dll
0x73c10000 - 0x73c22000 	C:\Program Files\MATLAB\R2012b\bin\win32\graphics_util.dll
0x03330000 - 0x039f6000 	C:\Program Files\MATLAB\R2012b\bin\win32\hg.dll
0x03a10000 - 0x03a54000 	C:\Program Files\MATLAB\R2012b\bin\win32\libmat.dll
0x75d10000 - 0x75ef5000 	C:\Program Files\MATLAB\R2012b\bin\win32\hdf5dll.dll
0x7d9d0000 - 0x7da66000 	C:\Program Files\MATLAB\R2012b\bin\win32\jmi.dll
0x03a90000 - 0x03a9b000 	C:\Program Files\MATLAB\R2012b\bin\win32\nativejava_services.dll
0x732b0000 - 0x732e4000 	C:\Program Files\MATLAB\R2012b\bin\win32\libmwhardcopy.dll
0x7de70000 - 0x7deb4000 	C:\Program Files\MATLAB\R2012b\bin\win32\libuij.dll
0x03ad0000 - 0x03c83000 	C:\Program Files\MATLAB\R2012b\bin\win32\hgdatatypes.dll
0x7d2e0000 - 0x7d3a1000 	C:\Program Files\MATLAB\R2012b\bin\win32\hgutils.dll
0x03cb0000 - 0x03d38000 	C:\Program Files\MATLAB\R2012b\bin\win32\udd_mi.dll
0x03d50000 - 0x03d80000 	C:\Program Files\MATLAB\R2012b\bin\win32\libmwgbtutils.dll
0x03d90000 - 0x03da3000 	C:\Program Files\MATLAB\R2012b\bin\win32\libmwgbt.dll
0x74dc0000 - 0x7505b000 	C:\Program Files\MATLAB\R2012b\bin\win32\uiw.dll
0x73ee0000 - 0x73eed000 	C:\Program Files\MATLAB\R2012b\bin\win32\uinone.dll
0x03de0000 - 0x03dff000 	C:\Program Files\MATLAB\R2012b\bin\win32\libmwnativefiledialogs.dll
0x03e10000 - 0x03e17000 	C:\Program Files\MATLAB\R2012b\bin\win32\libmwplatform_res.dll
0x71b20000 - 0x71b32000 	C:\WINDOWS\system32\MPR.dll
0x785e0000 - 0x7897d000 	C:\WINDOWS\WinSxS\x86_Microsoft.VC90.MFC_1fc8b3b9a1e18e3b_9.0.30729.6161_x-ww_028bc148\mfc90.dll
0x76380000 - 0x76385000 	C:\WINDOWS\system32\MSIMG32.dll
0x03e30000 - 0x03e56000 	C:\WINDOWS\system32\WINSPOOL.DRV
0x73710000 - 0x73729000 	C:\Program Files\MATLAB\R2012b\bin\win32\mwoles05.DLL
0x7dc40000 - 0x7dc95000 	C:\Program Files\MATLAB\R2012b\bin\win32\comcli.dll
0x78e20000 - 0x78e4b000 	C:\WINDOWS\WinSxS\x86_Microsoft.VC90.ATL_1fc8b3b9a1e18e3b_9.0.30729.6161_x-ww_92453bb7\ATL90.DLL
0x73e00000 - 0x73e09000 	C:\Program Files\MATLAB\R2012b\bin\win32\mlautoregister.dll
0x76390000 - 0x763ad000 	C:\WINDOWS\system32\IMM32.DLL
0x773d0000 - 0x774d3000 	C:\WINDOWS\WinSxS\x86_Microsoft.Windows.Common-Controls_6595b64144ccf1df_6.0.2600.6028_x-ww_61e65202\comctl32.dll
0x049f0000 - 0x04a28000 	C:\WINDOWS\system32\UxTheme.dll
0x047d0000 - 0x047dd000 	C:\WINDOWS\WinSxS\x86_Microsoft.VC90.MFCLOC_1fc8b3b9a1e18e3b_9.0.30729.6161_x-ww_730c3508\MFC90ENU.DLL
0x03e90000 - 0x03e9b000 	C:\Program Files\MATLAB\R2012b\bin\win32\xmlxrcsc.dll
0x74720000 - 0x7476c000 	C:\WINDOWS\system32\MSCTF.dll
0x77b40000 - 0x77b62000 	C:\WINDOWS\system32\apphelp.dll
0x755c0000 - 0x755ee000 	C:\WINDOWS\system32\msctfime.ime
0x74b30000 - 0x74dbb000 	C:\Program Files\MATLAB\R2012b\sys\java\jre\win32\jre\bin\client\jvm.dll
0x76b40000 - 0x76b6d000 	C:\WINDOWS\system32\WINMM.dll
0x7d910000 - 0x7d966000 	C:\Program Files\MATLAB\R2012b\bin\win32\MSVCR71.dll
0x71a50000 - 0x71a8f000 	C:\WINDOWS\System32\mswsock.dll
0x76f20000 - 0x76f47000 	C:\WINDOWS\system32\DNSAPI.dll
0x76d60000 - 0x76d79000 	C:\WINDOWS\system32\iphlpapi.dll
0x76fb0000 - 0x76fb8000 	C:\WINDOWS\System32\winrnr.dll
0x76f60000 - 0x76f8c000 	C:\WINDOWS\system32\WLDAP32.dll
0x74290000 - 0x74294000 	C:\WINDOWS\system32\icmp.Dll
0x73da0000 - 0x73dac000 	C:\Program Files\MATLAB\R2012b\sys\java\jre\win32\jre\bin\verify.dll
0x73570000 - 0x7358f000 	C:\Program Files\MATLAB\R2012b\sys\java\jre\win32\jre\bin\java.dll
0x73f40000 - 0x73f48000 	C:\Program Files\MATLAB\R2012b\sys\java\jre\win32\jre\bin\hpi.dll

VM Arguments:
jvm_args: -Xss512k -XX:PermSize=32m -Xms64m -XX:NewRatio=3 -XX:MaxPermSize=96m -Xmx128m -XX:MaxDirectMemorySize=1200000000 -Dsun.java2d.noddraw=true -Dsun.awt.nopixfmt=true -Xshare:off -Xrs -Dsun.awt.disableMixing=true -Djava.library.path=C:\Program Files\MATLAB\R2012b\bin\win32;C:\Program Files\MATLAB\R2012b\sys\jxbrowser\win32\lib;C:\Micro-Manager-1.4\ vfprintf abort 
java_command: <unknown>
Launcher Type: generic

Environment Variables:
PATH=C:\WINDOWS\system32;C:\WINDOWS;C:\WINDOWS\System32\Wbem;C:\Program Files\Intel\DMIX;C:\Program Files\MATLAB\R2012b\runtime\win32;C:\Program Files\MATLAB\R2012b\bin;C:\Program Files\MATLAB\R2008b\bin;C:\Program Files\MATLAB\R2008b\bin\win32
USERNAME=kk128
OS=Windows_NT
PROCESSOR_IDENTIFIER=x86 Family 6 Model 15 Stepping 6, GenuineIntel



---------------  S Y S T E M  ---------------

OS: Windows XP Build 2600 Service Pack 3

CPU:total 2 (2 cores per cpu, 1 threads per core) family 6 model 15 stepping 6, cmov, cx8, fxsr, mmx, sse, sse2, sse3, ssse3

Memory: 4k page, physical 3405668k(1848304k free), swap 4194303k(3727640k free)

vm_info: Java HotSpot(TM) Client VM (14.3-b01) for windows-x86 JRE (1.6.0_17-b04), built on Oct 11 2009 00:52:06 by "java_re" with MS VC++ 7.1

time: Mon Oct 21 17:07:33 2013
elapsed time: 23737 seconds

